#
# There is insufficient memory for the Java Runtime Environment to continue.
# Native memory allocation (malloc) failed to allocate 686256 bytes for Chunk::new
# Possible reasons:
#   The system is out of physical RAM or swap space
#   The process is running with CompressedOops enabled, and the Java Heap may be blocking the growth of the native heap
# Possible solutions:
#   Reduce memory load on the system
#   Increase physical memory or swap space
#   Check if swap backing store is full
#   Decrease Java heap size (-Xmx/-Xms)
#   Decrease number of Java threads
#   Decrease Java thread stack sizes (-Xss)
#   Set larger code cache with -XX:ReservedCodeCacheSize=
#   JVM is running with Unscaled Compressed Oops mode in which the Java heap is
#     placed in the first 4GB address space. The Java Heap base address is the
#     maximum limit for the native heap growth. Please use -XX:HeapBaseMinAddress
#     to set the Java Heap base and to place the Java Heap above 4GB virtual address.
# This output file may be truncated or incomplete.
#
#  Out of Memory Error (allocation.cpp:389), pid=21352, tid=0x0000000000001924
#
# JRE version: OpenJDK Runtime Environment (8.0_212-b04) (build 1.8.0_212-release-1586-b04)
# Java VM: OpenJDK 64-Bit Server VM (25.212-b04 mixed mode windows-amd64 compressed oops)
# Failed to write core dump. Minidumps are not enabled by default on client versions of Windows
#

---------------  T H R E A D  ---------------

Current thread (0x0000000016ac6800):  JavaThread "C2 CompilerThread1" daemon [_thread_in_native, id=6436, stack(0x0000000018230000,0x0000000018330000)]

Stack: [0x0000000018230000,0x0000000018330000]
[error occurred during error reporting (printing stack bounds), id 0xc0000005]

Native frames: (J=compiled Java code, j=interpreted, Vv=VM code, C=native code)


Current CompileTask:
C2:4489067 16151   !   4       com.google.common.cache.LocalCache$Segment::lockedGetOrLoad (447 bytes)


---------------  P R O C E S S  ---------------

Java Threads: ( => current thread )
  0x000000001dad7800 JavaThread "Cache worker for Java compile cache (C:\Users\momoh\Documents\GitHub\Covid19\.gradle\5.6.4\javaCompile)" [_thread_blocked, id=23148, stack(0x00000000260f0000,0x00000000261f0000)]
  0x000000001dad5000 JavaThread "Cache worker for Java compile cache (C:\Users\momoh\.gradle\caches\5.6.4\javaCompile)" [_thread_blocked, id=21568, stack(0x0000000025ff0000,0x00000000260f0000)]
  0x000000001dacb800 JavaThread "WorkerExecutor Queue" [_thread_blocked, id=21284, stack(0x0000000025ef0000,0x0000000025ff0000)]
  0x000000001dad2000 JavaThread "RMI TCP Connection(2)-127.0.0.1" daemon [_thread_in_native, id=22248, stack(0x0000000025bf0000,0x0000000025cf0000)]
  0x000000001dacc000 JavaThread "RMI RenewClean-[127.0.0.1:17726,org.jetbrains.kotlin.daemon.common.LoopbackNetworkInterface$ClientLoopbackSocketFactory@317bb7d6]" daemon [_thread_blocked, id=6480, stack(0x00000000258f0000,0x00000000259f0000)]
  0x000000001daca800 JavaThread "Cache worker for execution history cache (C:\Users\momoh\Documents\GitHub\Covid19\.gradle\5.6.4\executionHistory)" [_thread_blocked, id=16424, stack(0x00000000255e0000,0x00000000256e0000)]
  0x000000001dad1800 JavaThread "Execution worker for ':' Thread 3" [_thread_blocked, id=23904, stack(0x00000000254e0000,0x00000000255e0000)]
  0x000000001dac9000 JavaThread "Execution worker for ':' Thread 2" [_thread_in_native, id=20588, stack(0x00000000253e0000,0x00000000254e0000)]
  0x000000001dace800 JavaThread "Execution worker for ':'" [_thread_blocked, id=11488, stack(0x0000000024ae0000,0x0000000024be0000)]
  0x000000001dacf000 JavaThread "Cache worker for file content cache (C:\Users\momoh\Documents\GitHub\Covid19\.gradle\5.6.4\fileContent)" [_thread_blocked, id=17472, stack(0x00000000235c0000,0x00000000236c0000)]
  0x000000001dacd800 JavaThread "Cache worker for Build Output Cleanup Cache (C:\Users\momoh\Documents\GitHub\Covid19\.gradle\buildOutputCleanup)" [_thread_blocked, id=9096, stack(0x0000000023290000,0x0000000023390000)]
  0x00000000275d2000 JavaThread "Build operations Thread 4" [_thread_blocked, id=23228, stack(0x0000000023190000,0x0000000023290000)]
  0x00000000275d1000 JavaThread "Build operations Thread 3" [_thread_blocked, id=23832, stack(0x0000000022c90000,0x0000000022d90000)]
  0x00000000275d0800 JavaThread "Build operations Thread 2" [_thread_blocked, id=23564, stack(0x0000000022790000,0x0000000022890000)]
  0x00000000275d4000 JavaThread "Build operations" [_thread_blocked, id=22536, stack(0x0000000021860000,0x0000000021960000)]
  0x00000000275cf800 JavaThread "Cache worker for cache directory md-rule (C:\Users\momoh\.gradle\caches\5.6.4\md-rule)" [_thread_blocked, id=24520, stack(0x000000001f280000,0x000000001f380000)]
  0x00000000275d3800 JavaThread "Cache worker for cache directory md-supplier (C:\Users\momoh\.gradle\caches\5.6.4\md-supplier)" [_thread_blocked, id=11556, stack(0x000000001ef20000,0x000000001f020000)]
  0x00000000275cf000 JavaThread "Cache worker for file hash cache (C:\Users\momoh\Documents\GitHub\Covid19\.gradle\5.6.4\fileHashes)" [_thread_blocked, id=24136, stack(0x000000001ee20000,0x000000001ef20000)]
  0x00000000275d5800 JavaThread "Thread-115" [_thread_blocked, id=24408, stack(0x000000001c380000,0x000000001c480000)]
  0x00000000275ce000 JavaThread "Stdin handler" [_thread_blocked, id=23968, stack(0x000000001c280000,0x000000001c380000)]
  0x00000000275d2800 JavaThread "Asynchronous log dispatcher for DefaultDaemonConnection: socket connection from /127.0.0.1:61983 to /127.0.0.1:51062" [_thread_blocked, id=13248, stack(0x000000001bf80000,0x000000001c080000)]
  0x00000000275d5000 JavaThread "Daemon worker Thread 6" [_thread_blocked, id=2704, stack(0x000000001bc80000,0x000000001bd80000)]
  0x00000000275c6800 JavaThread "Cancel handler" [_thread_blocked, id=13420, stack(0x000000001bb80000,0x000000001bc80000)]
  0x00000000275cc800 JavaThread "Handler for socket connection from /127.0.0.1:61983 to /127.0.0.1:51062" [_thread_in_native, id=9068, stack(0x0000000001530000,0x0000000001630000)]
  0x00000000275cc000 JavaThread "Daemon Thread 6" [_thread_blocked, id=11044, stack(0x0000000001430000,0x0000000001530000)]
  0x00000000275cb000 JavaThread "RMI Reaper" [_thread_blocked, id=5244, stack(0x00000000297f0000,0x00000000298f0000)]
  0x00000000275c7800 JavaThread "RMI TCP Accept-0" daemon [_thread_in_native, id=9948, stack(0x00000000296f0000,0x00000000297f0000)]
  0x00000000275c9800 JavaThread "GC Daemon" daemon [_thread_blocked, id=16372, stack(0x00000000295f0000,0x00000000296f0000)]
  0x00000000275cd800 JavaThread "RMI RenewClean-[127.0.0.1:17963,org.jetbrains.kotlin.daemon.common.LoopbackNetworkInterface$ClientLoopbackSocketFactory@411f6022]" daemon [_thread_blocked, id=8072, stack(0x00000000294f0000,0x00000000295f0000)]
  0x00000000275c9000 JavaThread "RMI Scheduler(0)" daemon [_thread_blocked, id=9560, stack(0x00000000293f0000,0x00000000294f0000)]
  0x000000001f39a000 JavaThread "Cache worker for file content cache (C:\Users\momoh\.gradle\caches\5.6.4\fileContent)" [_thread_blocked, id=15824, stack(0x0000000022690000,0x0000000022790000)]
  0x000000001f39e000 JavaThread "Memory manager" [_thread_blocked, id=23884, stack(0x0000000021b60000,0x0000000021c60000)]
  0x000000001f392800 JavaThread "Cache worker for execution history cache (C:\Users\momoh\.gradle\caches\5.6.4\executionHistory)" [_thread_blocked, id=15188, stack(0x0000000020b60000,0x0000000020c60000)]
  0x0000000016ac3800 JavaThread "Cache worker for journal cache (C:\Users\momoh\.gradle\caches\journal-1)" [_thread_blocked, id=22600, stack(0x000000001c880000,0x000000001c980000)]
  0x0000000016ac8800 JavaThread "File lock request listener" [_thread_in_native, id=15904, stack(0x000000001c780000,0x000000001c880000)]
  0x0000000016ac2000 JavaThread "Cache worker for file hash cache (C:\Users\momoh\.gradle\caches\5.6.4\fileHashes)" [_thread_blocked, id=18220, stack(0x000000001c680000,0x000000001c780000)]
  0x000000001a313000 JavaThread "Daemon periodic checks" [_thread_blocked, id=23204, stack(0x000000001ba80000,0x000000001bb80000)]
  0x000000001a317000 JavaThread "Incoming local TCP Connector on port 61983" [_thread_in_native, id=11496, stack(0x000000001b810000,0x000000001b910000)]
  0x000000001a256000 JavaThread "Daemon health stats" [_thread_blocked, id=1820, stack(0x000000001b1d0000,0x000000001b2d0000)]
  0x0000000016b0e800 JavaThread "Service Thread" daemon [_thread_blocked, id=2812, stack(0x0000000018830000,0x0000000018930000)]
  0x0000000016ac5000 JavaThread "C1 CompilerThread2" daemon [_thread_blocked, id=13264, stack(0x0000000018730000,0x0000000018830000)]
=>0x0000000016ac6800 JavaThread "C2 CompilerThread1" daemon [_thread_in_native, id=6436, stack(0x0000000018230000,0x0000000018330000)]
  0x0000000016ab7800 JavaThread "C2 CompilerThread0" daemon [_thread_in_native, id=9824, stack(0x0000000018130000,0x0000000018230000)]
  0x0000000016ab4000 JavaThread "Attach Listener" daemon [_thread_blocked, id=17764, stack(0x0000000018030000,0x0000000018130000)]
  0x0000000016ab2800 JavaThread "Signal Dispatcher" daemon [_thread_blocked, id=8140, stack(0x0000000017f30000,0x0000000018030000)]
  0x000000000313a000 JavaThread "Finalizer" daemon [_thread_blocked, id=18048, stack(0x0000000017d10000,0x0000000017e10000)]
  0x0000000016a99000 JavaThread "Reference Handler" daemon [_thread_blocked, id=21988, stack(0x0000000017c10000,0x0000000017d10000)]
  0x00000000016ce000 JavaThread "main" [_thread_blocked, id=984, stack(0x0000000002ee0000,0x0000000002fe0000)]

Other Threads:
  0x0000000016a76000 VMThread [stack: 0x0000000017b10000,0x0000000017c10000] [id=13152]
  0x0000000018362800 WatcherThread [stack: 0x0000000018930000,0x0000000018a30000] [id=21956]

VM state:not at safepoint (normal execution)

VM Mutex/Monitor currently owned by a thread: None

heap address: 0x00000000a0000000, size: 1536 MB, Compressed Oops mode: 32-bit
Narrow klass base: 0x0000000000000000, Narrow klass shift: 3
Compressed class space size: 1073741824 Address: 0x0000000100000000

Heap:
 PSYoungGen      total 454656K, used 169441K [0x00000000e0000000, 0x0000000100000000, 0x0000000100000000)
  eden space 421888K, 40% used [0x00000000e0000000,0x00000000ea5787d0,0x00000000f9c00000)
  from space 32768K, 0% used [0x00000000fe000000,0x00000000fe000000,0x0000000100000000)
  to   space 51200K, 0% used [0x00000000f9c00000,0x00000000f9c00000,0x00000000fce00000)
 ParOldGen       total 235520K, used 65330K [0x00000000a0000000, 0x00000000ae600000, 0x00000000e0000000)
  object space 235520K, 27% used [0x00000000a0000000,0x00000000a3fccad0,0x00000000ae600000)
 Metaspace       used 93380K, capacity 97818K, committed 98432K, reserved 1134592K
  class space    used 12124K, capacity 13051K, committed 13184K, reserved 1048576K

Card table byte_map: [0x0000000012500000,0x0000000012810000] byte_map_base: 0x0000000012000000

Marking Bits: (ParMarkBitMap*) 0x0000000072b89f30
 Begin Bits: [0x0000000012e10000, 0x0000000014610000)
 End Bits:   [0x0000000014610000, 0x0000000015e10000)

Polling page: 0x0000000000df0000

CodeCache: size=245760Kb used=44580Kb max_used=44580Kb free=201179Kb
 bounds [0x0000000003140000, 0x0000000005d10000, 0x0000000012140000]
 total_blobs=14491 nmethods=13564 adapters=837
 compilation: enabled

Compilation events (10 events):
Event: 4489.021 Thread 0x0000000016ac5000 16181       1       org.gradle.api.internal.tasks.compile.incremental.classpath.ClasspathEntrySnapshot::getData (5 bytes)
Event: 4489.021 Thread 0x0000000016ac5000 nmethod 16181 0x0000000005cfe290 code [0x0000000005cfe3e0, 0x0000000005cfe4f0]
Event: 4489.021 Thread 0x0000000016ac5000 16182       1       org.gradle.api.internal.tasks.compile.incremental.deps.DependentsSet$EmptyDependentsSet::isDependencyToAll (2 bytes)
Event: 4489.021 Thread 0x0000000016ac5000 nmethod 16182 0x0000000005cfe550 code [0x0000000005cfe6a0, 0x0000000005cfe7b0]
Event: 4489.021 Thread 0x0000000016ac5000 16183       3       org.gradle.api.internal.tasks.compile.incremental.classpath.ClasspathSnapshot::getSnapshot (12 bytes)
Event: 4489.022 Thread 0x0000000016ac5000 nmethod 16183 0x0000000005cfe810 code [0x0000000005cfe9e0, 0x0000000005cff258]
Event: 4489.022 Thread 0x0000000016ac5000 16184       3       org.gradle.api.internal.file.collections.DefaultDirectoryWalker$PathVisitor::postVisitDirectory (10 bytes)
Event: 4489.022 Thread 0x0000000016ac5000 nmethod 16184 0x0000000005cff690 code [0x0000000005cff800, 0x0000000005cffaa8]
Event: 4489.022 Thread 0x0000000016ac5000 16185       3       org.gradle.api.internal.file.collections.DefaultDirectoryWalker$PathVisitor::postVisitDirectory (95 bytes)
Event: 4489.024 Thread 0x0000000016ac5000 nmethod 16185 0x0000000005cffb90 code [0x0000000005cffe40, 0x0000000005d013d8]

GC Heap History (10 events):
Event: 15.059 GC heap before
{Heap before GC invocations=10 (full 3):
 PSYoungGen      total 323584K, used 14545K [0x00000000e0000000, 0x00000000fff80000, 0x0000000100000000)
  eden space 297984K, 0% used [0x00000000e0000000,0x00000000e0000000,0x00000000f2300000)
  from space 25600K, 56% used [0x00000000f2300000,0x00000000f31347f0,0x00000000f3c00000)
  to   space 24576K, 0% used [0x00000000fe780000,0x00000000fe780000,0x00000000fff80000)
 ParOldGen       total 174080K, used 31534K [0x00000000a0000000, 0x00000000aaa00000, 0x00000000e0000000)
  object space 174080K, 18% used [0x00000000a0000000,0x00000000a1ecb8f8,0x00000000aaa00000)
 Metaspace       used 57135K, capacity 59016K, committed 59096K, reserved 1099776K
  class space    used 7829K, capacity 8277K, committed 8320K, reserved 1048576K
Event: 15.336 GC heap after
Heap after GC invocations=10 (full 3):
 PSYoungGen      total 323584K, used 0K [0x00000000e0000000, 0x00000000fff80000, 0x0000000100000000)
  eden space 297984K, 0% used [0x00000000e0000000,0x00000000e0000000,0x00000000f2300000)
  from space 25600K, 0% used [0x00000000f2300000,0x00000000f2300000,0x00000000f3c00000)
  to   space 24576K, 0% used [0x00000000fe780000,0x00000000fe780000,0x00000000fff80000)
 ParOldGen       total 235520K, used 28979K [0x00000000a0000000, 0x00000000ae600000, 0x00000000e0000000)
  object space 235520K, 12% used [0x00000000a0000000,0x00000000a1c4cde8,0x00000000ae600000)
 Metaspace       used 57135K, capacity 59016K, committed 59096K, reserved 1099776K
  class space    used 7829K, capacity 8277K, committed 8320K, reserved 1048576K
}
Event: 21.700 GC heap before
{Heap before GC invocations=11 (full 3):
 PSYoungGen      total 323584K, used 297984K [0x00000000e0000000, 0x00000000fff80000, 0x0000000100000000)
  eden space 297984K, 100% used [0x00000000e0000000,0x00000000f2300000,0x00000000f2300000)
  from space 25600K, 0% used [0x00000000f2300000,0x00000000f2300000,0x00000000f3c00000)
  to   space 24576K, 0% used [0x00000000fe780000,0x00000000fe780000,0x00000000fff80000)
 ParOldGen       total 235520K, used 28979K [0x00000000a0000000, 0x00000000ae600000, 0x00000000e0000000)
  object space 235520K, 12% used [0x00000000a0000000,0x00000000a1c4cde8,0x00000000ae600000)
 Metaspace       used 69918K, capacity 72404K, committed 72576K, reserved 1112064K
  class space    used 9515K, capacity 10077K, committed 10112K, reserved 1048576K
Event: 21.747 GC heap after
Heap after GC invocations=11 (full 3):
 PSYoungGen      total 465920K, used 24571K [0x00000000e0000000, 0x00000000fff80000, 0x0000000100000000)
  eden space 441344K, 0% used [0x00000000e0000000,0x00000000e0000000,0x00000000faf00000)
  from space 24576K, 99% used [0x00000000fe780000,0x00000000fff7ee40,0x00000000fff80000)
  to   space 32256K, 0% used [0x00000000fc080000,0x00000000fc080000,0x00000000fe000000)
 ParOldGen       total 235520K, used 38699K [0x00000000a0000000, 0x00000000ae600000, 0x00000000e0000000)
  object space 235520K, 16% used [0x00000000a0000000,0x00000000a25caf18,0x00000000ae600000)
 Metaspace       used 69918K, capacity 72404K, committed 72576K, reserved 1112064K
  class space    used 9515K, capacity 10077K, committed 10112K, reserved 1048576K
}
Event: 3918.795 GC heap before
{Heap before GC invocations=12 (full 3):
 PSYoungGen      total 465920K, used 465915K [0x00000000e0000000, 0x00000000fff80000, 0x0000000100000000)
  eden space 441344K, 100% used [0x00000000e0000000,0x00000000faf00000,0x00000000faf00000)
  from space 24576K, 99% used [0x00000000fe780000,0x00000000fff7ee40,0x00000000fff80000)
  to   space 32256K, 0% used [0x00000000fc080000,0x00000000fc080000,0x00000000fe000000)
 ParOldGen       total 235520K, used 38699K [0x00000000a0000000, 0x00000000ae600000, 0x00000000e0000000)
  object space 235520K, 16% used [0x00000000a0000000,0x00000000a25caf18,0x00000000ae600000)
 Metaspace       used 81253K, capacity 84750K, committed 84864K, reserved 1122304K
  class space    used 10658K, capacity 11375K, committed 11392K, reserved 1048576K
Event: 3918.944 GC heap after
Heap after GC invocations=12 (full 3):
 PSYoungGen      total 491520K, used 32244K [0x00000000e0000000, 0x0000000100000000, 0x0000000100000000)
  eden space 459264K, 0% used [0x00000000e0000000,0x00000000e0000000,0x00000000fc080000)
  from space 32256K, 99% used [0x00000000fc080000,0x00000000fdffd330,0x00000000fe000000)
  to   space 32768K, 0% used [0x00000000fe000000,0x00000000fe000000,0x0000000100000000)
 ParOldGen       total 235520K, used 45439K [0x00000000a0000000, 0x00000000ae600000, 0x00000000e0000000)
  object space 235520K, 19% used [0x00000000a0000000,0x00000000a2c5ffb0,0x00000000ae600000)
 Metaspace       used 81253K, capacity 84750K, committed 84864K, reserved 1122304K
  class space    used 10658K, capacity 11375K, committed 11392K, reserved 1048576K
}
Event: 4342.906 GC heap before
{Heap before GC invocations=13 (full 3):
 PSYoungGen      total 491520K, used 480537K [0x00000000e0000000, 0x0000000100000000, 0x0000000100000000)
  eden space 459264K, 97% used [0x00000000e0000000,0x00000000fb5c9170,0x00000000fc080000)
  from space 32256K, 99% used [0x00000000fc080000,0x00000000fdffd330,0x00000000fe000000)
  to   space 32768K, 0% used [0x00000000fe000000,0x00000000fe000000,0x0000000100000000)
 ParOldGen       total 235520K, used 45439K [0x00000000a0000000, 0x00000000ae600000, 0x00000000e0000000)
  object space 235520K, 19% used [0x00000000a0000000,0x00000000a2c5ffb0,0x00000000ae600000)
 Metaspace       used 92264K, capacity 97030K, committed 97280K, reserved 1134592K
  class space    used 12055K, capacity 13047K, committed 13056K, reserved 1048576K
Event: 4342.979 GC heap after
Heap after GC invocations=13 (full 3):
 PSYoungGen      total 454656K, used 32753K [0x00000000e0000000, 0x0000000100000000, 0x0000000100000000)
  eden space 421888K, 0% used [0x00000000e0000000,0x00000000e0000000,0x00000000f9c00000)
  from space 32768K, 99% used [0x00000000fe000000,0x00000000ffffc480,0x0000000100000000)
  to   space 51200K, 0% used [0x00000000f9c00000,0x00000000f9c00000,0x00000000fce00000)
 ParOldGen       total 235520K, used 67900K [0x00000000a0000000, 0x00000000ae600000, 0x00000000e0000000)
  object space 235520K, 28% used [0x00000000a0000000,0x00000000a424f330,0x00000000ae600000)
 Metaspace       used 92264K, capacity 97030K, committed 97280K, reserved 1134592K
  class space    used 12055K, capacity 13047K, committed 13056K, reserved 1048576K
}
Event: 4342.980 GC heap before
{Heap before GC invocations=14 (full 4):
 PSYoungGen      total 454656K, used 32753K [0x00000000e0000000, 0x0000000100000000, 0x0000000100000000)
  eden space 421888K, 0% used [0x00000000e0000000,0x00000000e0000000,0x00000000f9c00000)
  from space 32768K, 99% used [0x00000000fe000000,0x00000000ffffc480,0x0000000100000000)
  to   space 51200K, 0% used [0x00000000f9c00000,0x00000000f9c00000,0x00000000fce00000)
 ParOldGen       total 235520K, used 67900K [0x00000000a0000000, 0x00000000ae600000, 0x00000000e0000000)
  object space 235520K, 28% used [0x00000000a0000000,0x00000000a424f330,0x00000000ae600000)
 Metaspace       used 92264K, capacity 97030K, committed 97280K, reserved 1134592K
  class space    used 12055K, capacity 13047K, committed 13056K, reserved 1048576K
Event: 4343.450 GC heap after
Heap after GC invocations=14 (full 4):
 PSYoungGen      total 454656K, used 0K [0x00000000e0000000, 0x0000000100000000, 0x0000000100000000)
  eden space 421888K, 0% used [0x00000000e0000000,0x00000000e0000000,0x00000000f9c00000)
  from space 32768K, 0% used [0x00000000fe000000,0x00000000fe000000,0x0000000100000000)
  to   space 51200K, 0% used [0x00000000f9c00000,0x00000000f9c00000,0x00000000fce00000)
 ParOldGen       total 235520K, used 65330K [0x00000000a0000000, 0x00000000ae600000, 0x00000000e0000000)
  object space 235520K, 27% used [0x00000000a0000000,0x00000000a3fccad0,0x00000000ae600000)
 Metaspace       used 91315K, capacity 95528K, committed 97280K, reserved 1134592K
  class space    used 11865K, capacity 12744K, committed 13056K, reserved 1048576K
}

Deoptimization events (10 events):
Event: 4488.723 Thread 0x00000000275d2000 Uncommon trap: reason=unstable_if action=reinterpret pc=0x0000000003d1e040 method=java.lang.StringCoding$StringDecoder.decode([BII)[C @ 20
Event: 4488.723 Thread 0x00000000275d2000 Uncommon trap: reason=unstable_if action=reinterpret pc=0x0000000003d15750 method=java.lang.StringCoding$StringDecoder.decode([BII)[C @ 20
Event: 4488.760 Thread 0x00000000275d2000 Uncommon trap: reason=class_check action=maybe_recompile pc=0x0000000005b84b5c method=java.util.zip.InflaterInputStream.fill()V @ 19
Event: 4488.760 Thread 0x00000000275d2000 Uncommon trap: reason=class_check action=maybe_recompile pc=0x0000000005b84b5c method=java.util.zip.InflaterInputStream.fill()V @ 19
Event: 4488.761 Thread 0x00000000275d4000 Uncommon trap: reason=unstable_if action=reinterpret pc=0x000000000542c4a4 method=org.objectweb.asm.ClassReader.readUtf(II[C)Ljava/lang/String; @ 41
Event: 4488.769 Thread 0x00000000275d2000 Uncommon trap: reason=class_check action=maybe_recompile pc=0x0000000005b84b5c method=java.util.zip.InflaterInputStream.fill()V @ 19
Event: 4488.770 Thread 0x00000000275d4000 Uncommon trap: reason=unstable_if action=reinterpret pc=0x0000000005297cc4 method=org.objectweb.asm.ClassReader.readUtf(II[C)Ljava/lang/String; @ 41
Event: 4488.773 Thread 0x00000000275d2000 Uncommon trap: reason=class_check action=maybe_recompile pc=0x0000000005b84b5c method=java.util.zip.InflaterInputStream.fill()V @ 19
Event: 4488.840 Thread 0x000000001dac9000 Uncommon trap: reason=unstable_if action=reinterpret pc=0x00000000034af5cc method=com.google.common.cache.LongAdder.add(J)V @ 24
Event: 4489.017 Thread 0x000000001dad7800 Uncommon trap: reason=unstable_if action=reinterpret pc=0x0000000005586e60 method=org.gradle.internal.io.StreamByteBuffer$StreamByteBufferInputStream.readImpl([BII)I @ 49

Classes redefined (0 events):
No events

Internal exceptions (10 events):
Event: 4468.179 Thread 0x000000001dac9000 Exception <a 'java/net/ConnectException': Connection refused: connect> (0x00000000e6470318) thrown at [D:\src\AOSP-openjdk-cygwin\jdk8u\hotspot\src\share\vm\prims\jni.cpp, line 736]
Event: 4470.192 Thread 0x000000001dac9000 Exception <a 'java/net/ConnectException': Connection refused: connect> (0x00000000e64713b0) thrown at [D:\src\AOSP-openjdk-cygwin\jdk8u\hotspot\src\share\vm\prims\jni.cpp, line 736]
Event: 4472.205 Thread 0x000000001dac9000 Exception <a 'java/net/ConnectException': Connection refused: connect> (0x00000000e6472448) thrown at [D:\src\AOSP-openjdk-cygwin\jdk8u\hotspot\src\share\vm\prims\jni.cpp, line 736]
Event: 4473.116 Thread 0x000000001dac9000 JVM_StopThread thread JavaThread 0x000000001dacb800 as oop 0x00000000e648ddc0 [exception 0x00000000254db360]
Event: 4475.127 Thread 0x000000001dac9000 Exception <a 'java/net/ConnectException': Connection refused: connect> (0x00000000e649ec98) thrown at [D:\src\AOSP-openjdk-cygwin\jdk8u\hotspot\src\share\vm\prims\jni.cpp, line 736]
Event: 4477.140 Thread 0x000000001dac9000 Exception <a 'java/net/ConnectException': Connection refused: connect> (0x00000000e649fd30) thrown at [D:\src\AOSP-openjdk-cygwin\jdk8u\hotspot\src\share\vm\prims\jni.cpp, line 736]
Event: 4479.153 Thread 0x000000001dac9000 Exception <a 'java/net/ConnectException': Connection refused: connect> (0x00000000e64a0dc8) thrown at [D:\src\AOSP-openjdk-cygwin\jdk8u\hotspot\src\share\vm\prims\jni.cpp, line 736]
Event: 4479.204 Thread 0x000000001dacc000 Exception <a 'java/lang/InterruptedException'> (0x00000000e659ef98) thrown at [D:\src\AOSP-openjdk-cygwin\jdk8u\hotspot\src\share\vm\runtime\objectMonitor.cpp, line 1680]
Event: 4488.218 Thread 0x000000001dac9000 Exception <a 'java/lang/NoSuchMethodError': <clinit>> (0x00000000e6a410f0) thrown at [D:\src\AOSP-openjdk-cygwin\jdk8u\hotspot\src\share\vm\prims\jni.cpp, line 1614]
Event: 4488.219 Thread 0x000000001dac9000 Exception <a 'java/lang/NoSuchMethodError': <clinit>> (0x00000000e6a53af0) thrown at [D:\src\AOSP-openjdk-cygwin\jdk8u\hotspot\src\share\vm\prims\jni.cpp, line 1614]

Events (10 events):
Event: 4489.041 loading class com/sun/tools/javac/util/ClientCodeException done
Event: 4489.041 loading class javax/tools/JavaFileManager
Event: 4489.042 loading class javax/tools/JavaFileManager done
Event: 4489.042 loading class com/sun/source/util/JavacTask
Event: 4489.042 loading class com/sun/source/util/JavacTask done
Event: 4489.042 loading class com/sun/tools/javac/api/JavacTaskImpl
Event: 4489.042 loading class com/sun/tools/javac/api/JavacTaskImpl done
Event: 4489.042 loading class com/sun/tools/javac/api/BasicJavacTask
Event: 4489.042 loading class com/sun/tools/javac/api/BasicJavacTask done
Event: 4489.043 loading class javax/tools/StandardJavaFileManager


Dynamic libraries:
0x00007ff6366e0000 - 0x00007ff636711000 	D:\AndroidStudio\jre\bin\java.exe
0x00007ffce8da0000 - 0x00007ffce8f90000 	C:\WINDOWS\SYSTEM32\ntdll.dll
0x00007ffce7530000 - 0x00007ffce75e2000 	C:\WINDOWS\System32\KERNEL32.DLL
0x00007ffce6080000 - 0x00007ffce6323000 	C:\WINDOWS\System32\KERNELBASE.dll
0x00007ffce8cb0000 - 0x00007ffce8d53000 	C:\WINDOWS\System32\ADVAPI32.dll
0x00007ffce88d0000 - 0x00007ffce896e000 	C:\WINDOWS\System32\msvcrt.dll
0x00007ffce7710000 - 0x00007ffce77a7000 	C:\WINDOWS\System32\sechost.dll
0x00007ffce7200000 - 0x00007ffce7320000 	C:\WINDOWS\System32\RPCRT4.dll
0x00007ffce83f0000 - 0x00007ffce8584000 	C:\WINDOWS\System32\USER32.dll
0x00007ffce6e20000 - 0x00007ffce6e41000 	C:\WINDOWS\System32\win32u.dll
0x00007ffce6e50000 - 0x00007ffce6e76000 	C:\WINDOWS\System32\GDI32.dll
0x00007ffce6c30000 - 0x00007ffce6dc4000 	C:\WINDOWS\System32\gdi32full.dll
0x00007ffce5d90000 - 0x00007ffce5e2e000 	C:\WINDOWS\System32\msvcp_win.dll
0x00007ffce6330000 - 0x00007ffce642a000 	C:\WINDOWS\System32\ucrtbase.dll
0x00007ffcd6ea0000 - 0x00007ffcd7125000 	C:\WINDOWS\WinSxS\amd64_microsoft.windows.common-controls_6595b64144ccf1df_6.0.18362.720_none_e6beb5c51314836b\COMCTL32.dll
0x00007ffce8590000 - 0x00007ffce88c6000 	C:\WINDOWS\System32\combase.dll
0x00007ffce6430000 - 0x00007ffce64b0000 	C:\WINDOWS\System32\bcryptPrimitives.dll
0x00007ffce89f0000 - 0x00007ffce8a1e000 	C:\WINDOWS\System32\IMM32.DLL
0x0000000072200000 - 0x00000000722d2000 	D:\AndroidStudio\jre\jre\bin\msvcr100.dll
0x00000000723c0000 - 0x0000000072c06000 	D:\AndroidStudio\jre\jre\bin\server\jvm.dll
0x00007ffce7700000 - 0x00007ffce7708000 	C:\WINDOWS\System32\PSAPI.DLL
0x00007ffcdd730000 - 0x00007ffcdd73a000 	C:\WINDOWS\SYSTEM32\VERSION.dll
0x00007ffcd54e0000 - 0x00007ffcd5504000 	C:\WINDOWS\SYSTEM32\WINMM.dll
0x00007ffcd4610000 - 0x00007ffcd463d000 	C:\WINDOWS\SYSTEM32\WINMMBASE.dll
0x00007ffce6dd0000 - 0x00007ffce6e1a000 	C:\WINDOWS\System32\cfgmgr32.dll
0x00007ffcdae00000 - 0x00007ffcdae09000 	C:\WINDOWS\SYSTEM32\WSOCK32.dll
0x00007ffce8a20000 - 0x00007ffce8a8f000 	C:\WINDOWS\System32\WS2_32.dll
0x00007ffce1ec0000 - 0x00007ffce1ecf000 	D:\AndroidStudio\jre\jre\bin\verify.dll
0x00007ffcb15e0000 - 0x00007ffcb1609000 	D:\AndroidStudio\jre\jre\bin\java.dll
0x00007ffcbcbf0000 - 0x00007ffcbcc06000 	D:\AndroidStudio\jre\jre\bin\zip.dll
0x00007ffce77b0000 - 0x00007ffce7e95000 	C:\WINDOWS\System32\SHELL32.dll
0x00007ffce7320000 - 0x00007ffce73c9000 	C:\WINDOWS\System32\shcore.dll
0x00007ffce64b0000 - 0x00007ffce6c30000 	C:\WINDOWS\System32\windows.storage.dll
0x00007ffce5d00000 - 0x00007ffce5d23000 	C:\WINDOWS\System32\profapi.dll
0x00007ffce5c90000 - 0x00007ffce5cda000 	C:\WINDOWS\System32\powrprof.dll
0x00007ffce5c60000 - 0x00007ffce5c70000 	C:\WINDOWS\System32\UMPDC.dll
0x00007ffce71a0000 - 0x00007ffce71f2000 	C:\WINDOWS\System32\shlwapi.dll
0x00007ffce5c70000 - 0x00007ffce5c81000 	C:\WINDOWS\System32\kernel.appcore.dll
0x00007ffce6060000 - 0x00007ffce6077000 	C:\WINDOWS\System32\cryptsp.dll
0x00007ffce06f0000 - 0x00007ffce070a000 	D:\AndroidStudio\jre\jre\bin\net.dll
0x00007ffcdb270000 - 0x00007ffcdb445000 	C:\WINDOWS\SYSTEM32\urlmon.dll
0x00007ffcdafc0000 - 0x00007ffcdb266000 	C:\WINDOWS\SYSTEM32\iertutil.dll
0x00007ffce5640000 - 0x00007ffce564c000 	C:\WINDOWS\SYSTEM32\CRYPTBASE.DLL
0x00007ffce5470000 - 0x00007ffce54d7000 	C:\WINDOWS\system32\mswsock.dll
0x00007ffcde980000 - 0x00007ffcde993000 	D:\AndroidStudio\jre\jre\bin\nio.dll
0x00007ffccbed0000 - 0x00007ffccbef6000 	C:\Users\momoh\.gradle\native\30\windows-amd64\native-platform.dll
0x00007ffce1eb0000 - 0x00007ffce1ebd000 	D:\AndroidStudio\jre\jre\bin\management.dll
0x00007ffce4fe0000 - 0x00007ffce5013000 	C:\WINDOWS\system32\rsaenh.dll
0x00007ffce5f80000 - 0x00007ffce5fa6000 	C:\WINDOWS\System32\bcrypt.dll
0x00007ffce5b80000 - 0x00007ffce5ba5000 	C:\WINDOWS\SYSTEM32\USERENV.dll
0x00007ffce5180000 - 0x00007ffce51ba000 	C:\WINDOWS\SYSTEM32\IPHLPAPI.DLL
0x00007ffce8a90000 - 0x00007ffce8a98000 	C:\WINDOWS\System32\NSI.dll
0x00007ffcde4b0000 - 0x00007ffcde4c6000 	C:\WINDOWS\SYSTEM32\dhcpcsvc6.DLL
0x00007ffcde490000 - 0x00007ffcde4ac000 	C:\WINDOWS\SYSTEM32\dhcpcsvc.DLL
0x00007ffce51c0000 - 0x00007ffce528a000 	C:\WINDOWS\SYSTEM32\DNSAPI.dll
0x00007ffccc310000 - 0x00007ffccc334000 	D:\AndroidStudio\jre\jre\bin\sunec.dll
0x00007ffce0210000 - 0x00007ffce021a000 	C:\Windows\System32\rasadhlp.dll
0x00007ffcdd640000 - 0x00007ffcdd6b7000 	C:\WINDOWS\System32\fwpuclnt.dll
0x00007ffce06a0000 - 0x00007ffce06ab000 	D:\AndroidStudio\jre\jre\bin\sunmscapi.dll
0x00007ffce5e30000 - 0x00007ffce5f79000 	C:\WINDOWS\System32\CRYPT32.dll
0x00007ffce5ce0000 - 0x00007ffce5cf2000 	C:\WINDOWS\System32\MSASN1.dll
0x00007ffce4cc0000 - 0x00007ffce4cf1000 	C:\WINDOWS\SYSTEM32\ntmarta.dll
0x00007ffcbcbd0000 - 0x00007ffcbcbee000 	C:\Users\momoh\AppData\Local\Temp\native-platform4569513050044597773dir\native-platform.dll

VM Arguments:
jvm_args: -Xmx1536m -Dfile.encoding=windows-1252 -Duser.country=MX -Duser.language=es -Duser.variant 
java_command: org.gradle.launcher.daemon.bootstrap.GradleDaemon 5.6.4
java_class_path (initial): C:\Users\momoh\.gradle\wrapper\dists\gradle-5.6.4-all\ankdp27end7byghfw1q2sw75f\gradle-5.6.4\lib\gradle-launcher-5.6.4.jar
Launcher Type: SUN_STANDARD

Environment Variables:
JAVA_HOME=C:\Program Files\Java\jdk1.8.0_111
CLASSPATH=.;C:\Program Files (x86)\Java\jre1.8.0_101\lib\ext\QTJava.zip
PATH=C:\Program Files (x86)\Common Files\Oracle\Java\javapath;C:\Program Files (x86)\Intel\Intel(R) Management Engine Components\iCLS\;C:\Program Files\Intel\Intel(R) Management Engine Components\iCLS\;C:\ProgramData\Oracle\Java\javapath;C:\WINDOWS\system32;C:\WINDOWS;C:\WINDOWS\System32\Wbem;C:\WINDOWS\System32\WindowsPowerShell\v1.0\;C:\Program Files (x86)\QuickTime\QTSystem\;C:\Program Files\Git\cmd;C:\Program Files (x86)\Wolfram Research\WolframScript\;C:\Program Files (x86)\Intel\Intel(R) Management Engine Components\DAL;C:\Program Files\Intel\Intel(R) Management Engine Components\DAL;C:\Program Files (x86)\Intel\Intel(R) Management Engine Components\IPT;C:\Program Files\Intel\Intel(R) Management Engine Components\IPT;C:\Program Files (x86)\GtkSharp\2.12\bin;C:\WINDOWS\System32\OpenSSH\;D:\MATLAB\R2018a\bin;D:\components\php;C:\Users\momoh\AppData\Local\Programs\Python\Python36-32\;C:\Users\momoh\AppData\Local\Programs\Python\Python36-32\Scripts;C:\Program Files\dotnet\;C:\Program Files\MiKTeX 2.9\miktex\bin\x64\;C:\Program Files\VideoLAN\VLC\;C:\Python27\Scripts;C:\Python27;C:\Program Files\Microsoft SQL Server\130\Tools\Binn\;C:\TDM-GCC-64\bin;C:\Program Files\nodejs\;C:\Program Files (x86)\Visual Leak Detector\bin\Win32;C:\Program Files (x86)\Visual Leak Detector\bin\Win64;C:\Users\momoh\AppData\Local\Microsoft\WindowsApps;C:\Users\momoh\AppData\Local\Microsoft\WindowsApps;C:\Users\momoh\AppData\Local\GitHubDesktop\bin;C:\Program Files\Java\jdk1.8.0_111\bin;C:\Users\momoh\AppData\Local\Programs\Microsoft VS Code\bin;C:\Program Files\JetBrains\PyCharm Community Edition 2019.1.3\bin;C:\Program Files\JetBrains\IntelliJ IDEA Community Edition 2019.2.3\bin;C:\Users\momoh\AppData\Roaming\npm;C:\Users\momoh\AppData\Local\atom\bin
USERNAME=momoh
OS=Windows_NT
PROCESSOR_IDENTIFIER=Intel64 Family 6 Model 78 Stepping 3, GenuineIntel



---------------  S Y S T E M  ---------------

OS: Windows 10.0 , 64 bit Build 18362 (10.0.18362.329)

CPU:total 4 (initial active 4) (2 cores per cpu, 2 threads per core) family 6 model 78 stepping 3, cmov, cx8, fxsr, mmx, sse, sse2, sse3, ssse3, sse4.1, sse4.2, popcnt, avx, avx2, aes, clmul, erms, 3dnowpref, lzcnt, ht, tsc, tscinvbit, bmi1, bmi2, adx

Memory: 4k page, physical 16662944k(4032492k free), swap 17584544k(4168k free)

vm_info: OpenJDK 64-Bit Server VM (25.212-b04) for windows-amd64 JRE (1.8.0_212-release-1586-b04), built by "builder" with MS VC++ 10.0 (VS2010)

time: Wed Apr 08 16:03:22 2020
timezone: Hora de verano central (México)
elapsed time: 4489 seconds (0d 1h 14m 49s)

